[32mLaravel development server started on http://localhost:8000/[39m
[Mon Nov 13 05:07:16 2017] ::1:63515 [200]: /font-awesome-4.6.3/css/font-awesome.min.css
[Mon Nov 13 05:07:17 2017] ::1:63517 [200]: /assets/css/sidebar.css
[Mon Nov 13 05:07:17 2017] ::1:63518 [200]: /assets/css/bootstrap.css
[Mon Nov 13 05:07:17 2017] ::1:63519 [200]: /css/table/jquery.dataTables.css
[Mon Nov 13 05:07:17 2017] ::1:63520 [200]: /assets/js/ajax.js
[Mon Nov 13 05:07:17 2017] ::1:63521 [200]: /assets/js/sidebar2.js
[Mon Nov 13 05:07:17 2017] ::1:63533 [200]: /dynatable/jquery.dynatable.css
[Mon Nov 13 05:07:17 2017] ::1:63534 [200]: /js/table/jquery.dataTables.js
[Mon Nov 13 05:07:17 2017] ::1:63535 [200]: /assets/js/bootstrap.js
[Mon Nov 13 05:07:17 2017] ::1:63536 [200]: /dynatable/jquery.dynatable.js
[Mon Nov 13 05:07:18 2017] ::1:63539 [200]: /font-awesome-4.6.3/fonts/fontawesome-webfont.woff2?v=4.6.3
[Mon Nov 13 05:07:18 2017] ::1:63540 [200]: /assets/fonts/glyphicons-halflings-regular.woff2
[Mon Nov 13 05:07:24 2017] ::1:63549 [200]: /favicon.ico
[Mon Nov 13 05:07:34 2017] ::1:63572 [200]: /assets/css/bootstrap.css
[Mon Nov 13 05:07:34 2017] ::1:63573 [200]: /css/table/jquery.dataTables.css
[Mon Nov 13 05:07:34 2017] ::1:63574 [200]: /font-awesome-4.6.3/css/font-awesome.min.css
[Mon Nov 13 05:07:34 2017] ::1:63575 [200]: /assets/css/sidebar.css
[Mon Nov 13 05:07:34 2017] ::1:63576 [200]: /assets/js/ajax.js
[Mon Nov 13 05:07:34 2017] ::1:63577 [200]: /assets/js/sidebar2.js
[Mon Nov 13 05:07:34 2017] ::1:63586 [200]: /dynatable/jquery.dynatable.css
[Mon Nov 13 05:07:34 2017] ::1:63587 [200]: /js/table/jquery.dataTables.js
[Mon Nov 13 05:07:34 2017] ::1:63588 [200]: /assets/js/bootstrap.js
[Mon Nov 13 05:07:34 2017] ::1:63589 [200]: /dynatable/jquery.dynatable.js
[Mon Nov 13 05:07:34 2017] ::1:63593 [200]: /font-awesome-4.6.3/fonts/fontawesome-webfont.woff2?v=4.6.3
[Mon Nov 13 05:07:34 2017] ::1:63594 [200]: /assets/fonts/glyphicons-halflings-regular.woff2
[Mon Nov 13 05:07:39 2017] ::1:63603 [200]: /favicon.ico
[Mon Nov 13 05:07:53 2017] ::1:63642 [200]: /assets/css/bootstrap.css
[Mon Nov 13 05:07:53 2017] ::1:63643 [200]: /assets/css/sidebar.css
[Mon Nov 13 05:07:53 2017] ::1:63644 [200]: /font-awesome-4.6.3/css/font-awesome.min.css
[Mon Nov 13 05:07:53 2017] ::1:63645 [200]: /css/table/jquery.dataTables.css
[Mon Nov 13 05:07:53 2017] ::1:63646 [200]: /assets/js/ajax.js
[Mon Nov 13 05:07:53 2017] ::1:63647 [200]: /assets/js/sidebar2.js
[Mon Nov 13 05:07:53 2017] ::1:63655 [200]: /dynatable/jquery.dynatable.css
[Mon Nov 13 05:07:53 2017] ::1:63656 [200]: /js/table/jquery.dataTables.js
[Mon Nov 13 05:07:53 2017] ::1:63657 [200]: /assets/js/bootstrap.js
[Mon Nov 13 05:07:53 2017] ::1:63658 [200]: /dynatable/jquery.dynatable.js
[Mon Nov 13 05:07:53 2017] ::1:63659 [200]: /font-awesome-4.6.3/fonts/fontawesome-webfont.woff2?v=4.6.3
[Mon Nov 13 05:07:54 2017] ::1:63660 [200]: /assets/fonts/glyphicons-halflings-regular.woff2
[Mon Nov 13 05:07:56 2017] ::1:63666 [200]: /favicon.ico
[Mon Nov 13 05:08:04 2017] ::1:63685 [200]: /assets/css/bootstrap.css
[Mon Nov 13 05:08:04 2017] ::1:63690 [200]: /css/table/jquery.dataTables.css
[Mon Nov 13 05:08:04 2017] ::1:63694 [200]: /font-awesome-4.6.3/css/font-awesome.min.css
[Mon Nov 13 05:08:04 2017] ::1:63696 [200]: /assets/css/sidebar.css
[Mon Nov 13 05:08:04 2017] ::1:63700 [200]: /dynatable/jquery.dynatable.css
[Mon Nov 13 05:08:10 2017] ::1:63713 [200]: /assets/css/bootstrap.css.map
[Mon Nov 13 05:08:10 2017] ::1:63714 [200]: /assets/css/bootstrap.css
[Mon Nov 13 05:08:10 2017] ::1:63717 [200]: /css/table/jquery.dataTables.css
[Mon Nov 13 05:08:10 2017] ::1:63718 [200]: /font-awesome-4.6.3/css/font-awesome.min.css
[Mon Nov 13 05:08:10 2017] ::1:63719 [200]: /assets/css/sidebar.css
[Mon Nov 13 05:08:10 2017] ::1:63720 [200]: /assets/js/ajax.js
[Mon Nov 13 05:08:11 2017] ::1:63728 [200]: /dynatable/jquery.dynatable.css
[Mon Nov 13 05:08:11 2017] ::1:63729 [200]: /assets/js/sidebar2.js
[Mon Nov 13 05:08:11 2017] ::1:63730 [200]: /js/table/jquery.dataTables.js
[Mon Nov 13 05:08:11 2017] ::1:63731 [200]: /assets/js/bootstrap.js
[Mon Nov 13 05:08:11 2017] ::1:63735 [200]: /dynatable/jquery.dynatable.js
[Mon Nov 13 05:08:11 2017] ::1:63736 [200]: /assets/fonts/glyphicons-halflings-regular.woff2
[Mon Nov 13 05:08:11 2017] ::1:63737 [200]: /font-awesome-4.6.3/fonts/fontawesome-webfont.woff2?v=4.6.3
[Mon Nov 13 05:08:11 2017] ::1:63738 [200]: /assets/css/bootstrap.css.map
[Mon Nov 13 05:08:16 2017] ::1:63749 [200]: /favicon.ico
[Mon Nov 13 05:08:35 2017] ::1:63820 [200]: /css/table/jquery.dataTables.css
[Mon Nov 13 05:08:35 2017] ::1:63821 [200]: /assets/css/bootstrap.css
[Mon Nov 13 05:08:35 2017] ::1:63822 [200]: /font-awesome-4.6.3/css/font-awesome.min.css
[Mon Nov 13 05:08:35 2017] ::1:63823 [200]: /assets/css/sidebar.css
[Mon Nov 13 05:08:35 2017] ::1:63824 [200]: /assets/js/ajax.js
[Mon Nov 13 05:08:35 2017] ::1:63825 [200]: /dynatable/jquery.dynatable.css
[Mon Nov 13 05:08:35 2017] ::1:63841 [200]: /assets/js/sidebar2.js
[Mon Nov 13 05:08:35 2017] ::1:63842 [200]: /js/table/jquery.dataTables.js
[Mon Nov 13 05:08:35 2017] ::1:63843 [200]: /assets/js/bootstrap.js
[Mon Nov 13 05:08:35 2017] ::1:63844 [200]: /dynatable/jquery.dynatable.js
[Mon Nov 13 05:08:36 2017] ::1:63845 [200]: /assets/fonts/glyphicons-halflings-regular.woff2
[Mon Nov 13 05:08:36 2017] ::1:63846 [200]: /font-awesome-4.6.3/fonts/fontawesome-webfont.woff2?v=4.6.3
[Mon Nov 13 05:08:36 2017] ::1:63847 [200]: /assets/css/bootstrap.css.map
[Mon Nov 13 05:08:41 2017] ::1:63859 [200]: /favicon.ico
[Mon Nov 13 05:08:50 2017] ::1:63898 [200]: /assets/css/bootstrap.css
[Mon Nov 13 05:08:50 2017] ::1:63899 [200]: /css/table/jquery.dataTables.css
[Mon Nov 13 05:08:50 2017] ::1:63900 [200]: /font-awesome-4.6.3/css/font-awesome.min.css
[Mon Nov 13 05:08:50 2017] ::1:63901 [200]: /assets/css/sidebar.css
[Mon Nov 13 05:08:50 2017] ::1:63902 [200]: /assets/js/ajax.js
[Mon Nov 13 05:08:50 2017] ::1:63903 [200]: /assets/js/sidebar2.js
[Mon Nov 13 05:08:50 2017] ::1:63911 [200]: /dynatable/jquery.dynatable.css
[Mon Nov 13 05:08:50 2017] ::1:63912 [200]: /js/table/jquery.dataTables.js
[Mon Nov 13 05:08:50 2017] ::1:63913 [200]: /assets/js/bootstrap.js
[Mon Nov 13 05:08:50 2017] ::1:63914 [200]: /dynatable/jquery.dynatable.js
[Mon Nov 13 05:08:50 2017] ::1:63915 [200]: /assets/fonts/glyphicons-halflings-regular.woff2
[Mon Nov 13 05:08:50 2017] ::1:63916 [200]: /font-awesome-4.6.3/fonts/fontawesome-webfont.woff2?v=4.6.3
[Mon Nov 13 05:08:50 2017] ::1:63917 [200]: /assets/css/bootstrap.css.map
[Mon Nov 13 05:08:54 2017] ::1:63931 [200]: /favicon.ico
[Mon Nov 13 05:15:20 2017] ::1:49749 [200]: /assets/css/bootstrap.css
[Mon Nov 13 05:15:20 2017] ::1:49750 [200]: /css/table/jquery.dataTables.css
[Mon Nov 13 05:15:20 2017] ::1:49751 [200]: /font-awesome-4.6.3/css/font-awesome.min.css
[Mon Nov 13 05:15:20 2017] ::1:49752 [200]: /assets/css/sidebar.css
[Mon Nov 13 05:15:20 2017] ::1:49753 [200]: /assets/js/ajax.js
[Mon Nov 13 05:15:20 2017] ::1:49754 [200]: /assets/js/sidebar2.js
[Mon Nov 13 05:15:20 2017] ::1:49764 [200]: /dynatable/jquery.dynatable.css
[Mon Nov 13 05:15:20 2017] ::1:49765 [200]: /js/table/jquery.dataTables.js
[Mon Nov 13 05:15:20 2017] ::1:49766 [200]: /assets/js/bootstrap.js
[Mon Nov 13 05:15:20 2017] ::1:49767 [200]: /dynatable/jquery.dynatable.js
[Mon Nov 13 05:15:21 2017] ::1:49768 [200]: /font-awesome-4.6.3/fonts/fontawesome-webfont.woff2?v=4.6.3
[Mon Nov 13 05:15:21 2017] ::1:49769 [200]: /assets/fonts/glyphicons-halflings-regular.woff2
[Mon Nov 13 05:15:24 2017] ::1:49778 [200]: /favicon.ico
[Mon Nov 13 05:16:00 2017] ::1:49932 [200]: /assets/css/bootstrap.css
[Mon Nov 13 05:16:00 2017] ::1:49933 [200]: /css/table/jquery.dataTables.css
[Mon Nov 13 05:16:00 2017] ::1:49936 [200]: /font-awesome-4.6.3/css/font-awesome.min.css
[Mon Nov 13 05:16:00 2017] ::1:49937 [200]: /assets/css/sidebar.css
[Mon Nov 13 05:16:00 2017] ::1:49938 [200]: /assets/js/ajax.js
[Mon Nov 13 05:16:00 2017] ::1:49939 [200]: /assets/js/sidebar2.js
[Mon Nov 13 05:16:00 2017] ::1:49947 [200]: /dynatable/jquery.dynatable.css
[Mon Nov 13 05:16:00 2017] ::1:49948 [200]: /js/table/jquery.dataTables.js
[Mon Nov 13 05:16:00 2017] ::1:49949 [200]: /assets/js/bo[32mLaravel development server started on http://localhost:8000/[39m
[32mLaravel development server started on http://localhost:8000/[39m
[32mLaravel development server started on http://localhost:8000/[39m
[Mon Nov 13 06:07:20 2017] ::1:61736 [200]: /font-awesome-4.6.3/css/font-awesome.min.css
[Mon Nov 13 06:07:20 2017] ::1:61737 [200]: /css/table/jquery.dataTables.css
[Mon Nov 13 06:07:20 2017] ::1:61738 [200]: /assets/css/sidebar.css
[Mon Nov 13 06:07:20 2017] ::1:61739 [200]: /assets/js/ajax.js
[Mon Nov 13 06:07:20 2017] ::1:61740 [200]: /assets/css/bootstrap.css
[Mon Nov 13 06:07:20 2017] ::1:61741 [200]: /assets/js/sidebar2.js
[Mon Nov 13 06:07:21 2017] ::1:61762 [200]: /dynatable/jquery.dynatable.css
[Mon Nov 13 06:07:21 2017] ::1:61763 [200]: /js/table/jquery.dataTables.js
[Mon Nov 13 06:07:21 2017] ::1:61764 [200]: /assets/js/bootstrap.js
[Mon Nov 13 06:07:21 2017] ::1:61765 [200]: /dynatable/jquery.dynatable.js
[Mon Nov 13 06:07:22 2017] ::1:61769 [200]: /font-awesome-4.6.3/fonts/fontawesome-webfont.woff2?v=4.6.3
[Mon Nov 13 06:07:22 2017] ::1:61770 [200]: /assets/fonts/glyphicons-halflings-regular.woff2
[Mon Nov 13 06:07:35 2017] ::1:61788 [200]: /favicon.ico
[Mon Nov 13 06:08:03 2017] ::1:61872 [200]: /css/table/jquery.dataTables.css
[Mon Nov 13 06:08:03 2017] ::1:61873 [200]: /assets/css/bootstrap.css
[Mon Nov 13 06:08:03 2017] ::1:61874 [200]: /font-awesome-4.6.3/css/font-awesome.min.css
[Mon Nov 13 06:08:03 2017] ::1:61875 [200]: /assets/css/sidebar.css
[Mon Nov 13 06:08:03 2017] ::1:61876 [200]: /assets/js/ajax.js
[Mon Nov 13 06:08:03 2017] ::1:61879 [200]: /assets/js/sidebar2.js
[Mon Nov 13 06:08:04 2017] ::1:61902 [200]: /dynatable/jquery.dynatable.css
[Mon Nov 13 06:08:04 2017] ::1:61903 [200]: /js/table/jquery.dataTables.js
[Mon Nov 13 06:08:04 2017] ::1:61904 [200]: /assets/js/bootstrap.js
[Mon Nov 13 06:08:04 2017] ::1:61905 [200]: /dynatable/jquery.dynatable.js
[Mon Nov 13 06:08:06 2017] ::1:61909 [200]: /font-awesome-4.6.3/fonts/fontawesome-webfont.woff2?v=4.6.3
[Mon Nov 13 06:08:06 2017] ::1:61910 [200]: /assets/fonts/glyphicons-halflings-regular.woff2
[Mon Nov 13 06:08:15 2017] ::1:61935 [200]: /favicon.ico
[Mon Nov 13 06:08:19 2017] ::1:61956 [200]: /assets/css/bootstrap.css
[Mon Nov 13 06:08:19 2017] ::1:61957 [200]: /css/table/jquery.dataTables.css
[Mon Nov 13 06:08:20 2017] ::1:61961 [200]: /font-awesome-4.6.3/css/font-awesome.min.css
[Mon Nov 13 06:08:20 2017] ::1:61965 [200]: /assets/css/sidebar.css
[Mon Nov 13 06:08:20 2017] ::1:61967 [200]: /dynatable/jquery.dynatable.css
[Mon Nov 13 06:08:33 2017] ::1:62011 [200]: /assets/css/bootstrap.css.map
[Mon Nov 13 06:08:33 2017] ::1:62012 [200]: /assets/css/bootstrap.css
[Mon Nov 13 06:08:33 2017] ::1:62013 [200]: /css/table/jquery.dataTables.css
[Mon Nov 13 06:08:33 2017] ::1:62014 [200]: /font-awesome-4.6.3/css/font-awesome.min.css
[Mon Nov 13 06:08:33 2017] ::1:62015 [200]: /assets/css/sidebar.css
[Mon Nov 13 06:08:33 2017] ::1:62016 [200]: /assets/js/ajax.js
[Mon Nov 13 06:08:34 2017] ::1:62034 [200]: /dynatable/jquery.dynatable.css
[Mon Nov 13 06:08:34 2017] ::1:62035 [200]: /assets/js/sidebar2.js
[Mon Nov 13 06:08:34 2017] ::1:62036 [200]: /js/table/jquery.dataTables.js
[Mon Nov 13 06:08:34 2017] ::1:62037 [200]: /assets/js/bootstrap.js
[Mon Nov 13 06:08:34 2017] ::1:62041 [200]: /dynatable/jquery.dynatable.js
[Mon Nov 13 06:08:35 2017] ::1:62042 [200]: /assets/fonts/glyphicons-halflings-regular.woff2
[Mon Nov 13 06:08:35 2017] ::1:62043 [200]: /font-awesome-4.6.3/fonts/fontawesome-webfont.woff2?v=4.6.3
[Mon Nov 13 06:08:35 2017] ::1:62044 [200]: /assets/css/bootstrap.css.map
[Mon Nov 13 06:08:40 2017] ::1:62058 [200]: /favicon.ico
[Mon Nov 13 06:09:14 2017] ::1:62231 [200]: /font-awesome-4.6.3/css/font-awesome.min.css
[Mon Nov 13 06:09:14 2017] ::1:62232 [200]: /css/table/jquery.dataTables.css
[Mon Nov 13 06:09:14 2017] ::1:62233 [200]: /assets/css/bootstrap.css
[Mon Nov 13 06:09:14 2017] ::1:62234 [200]: /assets/css/sidebar.css
[Mon Nov 13 06:09:14 2017] ::1:62235 [200]: /assets/js/ajax.js
[Mon Nov 13 06:09:14 2017] ::1:62236 [200]: /assets/js/sidebar2.js
[Mon Nov 13 06:09:14 2017] ::1:62248 [200]: /dynatable/jquery.dynatable.css
[Mon Nov 13 06:09:14 2017] ::1:62249 [200]: /js/table/jquery.dataTables.js
[Mon Nov 13 06:09:14 2017] ::1:62250 [200]: /assets/js/bootstrap.js
[Mon Nov 13 06:09:14 2017] ::1:62251 [200]: /dynatable/jquery.dynatable.js
[Mon Nov 13 06:09:15 2017] ::1:62252 [200]: /assets/fonts/glyphicons-halflings-regular.woff2
[Mon Nov 13 06:09:15 2017] ::1:62253 [200]: /font-awesome-4.6.3/fonts/fontawesome-webfont.woff2?v=4.6.3
[Mon Nov 13 06:09:15 2017] ::1:62254 [200]: /assets/css/bootstrap.css.map
[Mon Nov 13 06:09:16 2017] ::1:62259 [200]: /favicon.ico
[Mon Nov 13 06:09:20 2017] ::1:62269 [200]: /assets/css/bootstrap.css
[Mon Nov 13 06:09:20 2017] ::1:62270 [200]: /css/table/jquery.dataTables.css
[Mon Nov 13 06:09:20 2017] ::1:62271 [200]: /font-awesome-4.6.3/css/font-awesome.min.css
[Mon Nov 13 06:09:20 2017] ::1:62272 [200]: /assets/css/sidebar.css
[Mon Nov 13 06:09:20 2017] ::1:62273 [200]: /assets/js/ajax.js
[Mon Nov 13 06:09:20 2017] ::1:62274 [200]: /assets/js/sidebar2.js
[Mon Nov 13 06:09:20 2017] ::1:62275 [200]: /js/table/jquery.dataTables.js
[Mon Nov 13 06:09:20 2017] ::1:62276 [200]: /assets/js/bootstrap.js
[Mon Nov 13 06:09:21 2017] ::1:62277 [200]: /dynatable/jquery.dynatable.css
[Mon Nov 13 06:09:21 2017] ::1:62278 [200]: /dynatable/jquery.dynatable.js
[Mon Nov 13 06:09:21 2017] ::1:62279 [200]: /assets/fonts/glyphicons-halflings-regular.woff2
[Mon Nov 13 06:09:21 2017] ::1:62280 [200]: /font-awesome-4.6.3/fonts/fontawesome-webfont.woff2?v=4.6.3
[Mon Nov 13 06:09:21 2017] ::1:62283 [200]: /assets/css/bootstrap.css.map
[Mon Nov 13 06:09:23 2017] ::1:62286 [200]: /favicon.ico
[Mon Nov 13 06:09:28 2017] ::1:62300 [200]: /assets/css/bootstrap.css
[Mon Nov 13 06:09:28 2017] ::1:62301 [200]: /css/table/jquery.dataTables.css
[Mon Nov 13 06:09:28 2017] ::1:62302 [200]: /font-awesome-4.6.3/css/font-awesome.min.css
[Mon Nov 13 06:09:28 2017] ::1:62303 [200]: /assets/css/sidebar.css
[Mon Nov 13 06:09:28 2017] ::1:62304 [200]: /assets/js/ajax.js
[Mon Nov 13 06:09:28 2017] ::1:62305 [200]: /assets/js/sidebar2.js
[Mon Nov 13 06:09:28 2017] ::1:62306 [200]: /js/table/jquery.dataTables.js
[Mon Nov 13 06:09:28 2017] ::1:62307 [200]: /assets/js/bootstrap.js
[Mon Nov 13 06:09:29 2017] ::1:62310 [200]: /dynatable/jquery.dynatable.css
[Mon Nov 13 06:09:29 2017] ::1:62311 [200]: /dynatable/jquery.dynatable.js
[Mon Nov 13 06:09:29 2017] ::1:62313 [200]: /assets/css/bootstrap.css.map
[Mon Nov 13 06:09:29 2017] ::1:62314 [200]: /assets/fonts/glyphicons-halflings-regular.woff2
[Mon Nov 13 06:09:29 2017] ::1:62315 [200]: /font-awesome-4.6.3/fonts/fontawesome-webfont.woff2?v=4.6.3
[Mon Nov 13 06:09:30 2017] ::1:62318 [200]: /favicon.ico
[Mon Nov 13 06:09:57 2017] ::1:62369 [200]: /assets/css/bootstrap.css
[Mon Nov 13 06:09:57 2017] ::1:62370 [200]: /css/table/jquery.dataTables.css
[Mon Nov 13 06:09:57 2017] ::1:62371 [200]: /font-awesome-4.6.3/css/font-awesome.min.css
[Mon Nov 13 06:09:57 2017] ::1:62372 [200]: /assets/css/sidebar.css
[Mon Nov 13 06:09:57 2017] ::1:62373 [200]: /assets/js/ajax.js
[Mon Nov 13 06:09:57 2017] ::1:62374 [200]: /assets/js/sidebar2.js
[Mon Nov 13 06:09:57 2017] ::1:62375 [200]: /js/table/jquery.dataTables.js
[Mon Nov 13 06:09:57 2017] ::1:62376 [200]: /assets/js/bootstrap.js
[Mon Nov 13 06:09:57 2017] ::1:62377 [200]: /dynatable/jquery.dynatable.css
[Mon Nov 13 06:09:57 2017] ::1:62378 [200]: /dynatable/jquery.dynatable.js
[Mon Nov 13 06:09:57 2017] ::1:62379 [200]: /assets/fonts/glyphicons-halflings-regular.woff2
[Mon Nov 13 06:09:57 2017] ::1:62380 [200]: /font-awesome-4.6.3/fonts/fontawesome-webfont.woff2?v=4.6.3
[Mon Nov 13 06:09:58 2017] ::1:62381 [200]: /assets/css/bootstrap.css.map
[Mon Nov 13 06:09:59 2017] ::1:62385 [200]: /favicon.ico
[Mon Nov 13 06:10:13 2017] ::1:62411 [200]: /assets/css/bootstrap.css
[Mon Nov 13 06:10:13 2017] ::1:62412 [200]: /css/table/jquery.dataTables.css
[Mon Nov 13 06:10:13 2017] ::1:62413 [200]: /font-awesome-4.6.3/css/font-awesome.min.css
[Mon Nov 13 06:10:13 2017] ::1:62414 [200]: /assets/css/sidebar.css
[Mon Nov 13 06:10:13 2017] ::1:62415 [200]: /assets/js/ajax.js
[Mon Nov 13 06:10:13 2017] ::1:62416 [200]: /dynatable/jquery.dynatable.css
[Mon Nov 13 06:10:13 2017] ::1:62420 [200]: /assets[32mLaravel development server started on http://localhost:8000/[39m
